Using pre-set license
Built from '2020.2/staging' branch; Version is '2020.2.7f1 (c53830e277f1) revision 12924976'; Using compiler version '192528614'; Build Type 'Release'
OS: 'Windows 7  (6.1.0) 64bit' Language: 'en' Physical Memory: 8124 MB
BatchMode: 1, IsHumanControllingUs: 0, StartBugReporterOnCrash: 0, Is64bit: 1, IsPro: 0

 COMMAND LINE ARGUMENTS:
C:\Program Files\Unity\Editor\Unity.exe
-adb2
-batchMode
-noUpm
-name
AssetImportWorker0
-projectPath
C:/Users/pc611/Desktop/New Unity Project A
-logFile
Logs/AssetImportWorker0.log
-srvPort
49539
Successfully changed project path to: C:/Users/pc611/Desktop/New Unity Project A
C:/Users/pc611/Desktop/New Unity Project A
Using Asset Import Pipeline V2.
Refreshing native plugins compatible for Editor in 31.99 ms, found 0 plugins.
Preloading 0 native plugins for Editor in 0.00 ms.
Initialize engine version: 2020.2.7f1 (c53830e277f1)
[Subsystems] Discovering subsystems at path C:/Program Files/Unity/Editor/Data/Resources/UnitySubsystems
[Subsystems] Discovering subsystems at path C:/Users/pc611/Desktop/New Unity Project A/Assets
GfxDevice: creating device client; threaded=0
d3d11: CreateDXGIFactory2(...) not found, fallbacking to CreateDXGIFactory1(...).
d3d11: QueryInterface(IDXGIFactory5) failed (80004002).
Direct3D:
    Version:  Direct3D 11.0 [level 11.0]
    Renderer: NVIDIA GeForce GT 730 (ID=0xf02)
    Vendor:   
    VRAM:     1990 MB
    Driver:   23.21.13.9135
Initialize mono
Mono path[0] = 'C:/Program Files/Unity/Editor/Data/Managed'
Mono path[1] = 'C:/Program Files/Unity/Editor/Data/MonoBleedingEdge/lib/mono/unityjit'
Mono config path = 'C:/Program Files/Unity/Editor/Data/MonoBleedingEdge/etc'
Using monoOptions --debugger-agent=transport=dt_socket,embedding=1,server=y,suspend=n,address=127.0.0.1:56996
Begin MonoManager ReloadAssembly
Registering precompiled unity dll's ...
Register platform support module: C:/Program Files/Unity/Editor/Data/PlaybackEngines/WindowsStandaloneSupport/UnityEditor.WindowsStandalone.Extensions.dll
Registered in 0.005187 seconds.
Native extension for WindowsStandalone target not found
Refreshing native plugins compatible for Editor in 27.20 ms, found 0 plugins.
Preloading 0 native plugins for Editor in 0.00 ms.
Invoked RoslynAnalysisRunner static constructor.
RoslynAnalysisRunner will not be running.
RoslynAnalysisRunner has terminated.
Mono: successfully reloaded assembly
- Completed reload, in  1.041 seconds
Platform modules already initialized, skipping
Registering precompiled user dll's ...
Registered in 0.001204 seconds.
Begin MonoManager ReloadAssembly
Script error: OnTriggerEnter2D
This message parameter has to be of type: Collider2D
The message will be ignored.

Native extension for WindowsStandalone target not found
Refreshing native plugins compatible for Editor in 0.20 ms, found 0 plugins.
Preloading 0 native plugins for Editor in 0.00 ms.
Invoked RoslynAnalysisRunner static constructor.
RoslynAnalysisRunner will not be running.
RoslynAnalysisRunner has terminated.
Mono: successfully reloaded assembly
- Completed reload, in  1.002 seconds
Platform modules already initialized, skipping
========================================================================
Worker process is ready to serve import requests
Launched and connected shader compiler UnityShaderCompiler.exe after 0.03 seconds
Refreshing native plugins compatible for Editor in 0.25 ms, found 0 plugins.
Preloading 0 native plugins for Editor in 0.00 ms.
Unloading 1115 Unused Serialized files (Serialized files now loaded: 0)
System memory in use before: 57.0 MB.
System memory in use after: 57.1 MB.

Unloading 9 unused Assets to reduce memory usage. Loaded Objects now: 1558.
Total: 1.809660 ms (FindLiveObjects: 0.164618 ms CreateObjectMapping: 0.045308 ms MarkObjects: 1.546498 ms  DeleteObjects: 0.051726 ms)

========================================================================
Received Import Request.
  path: Assets/Scenes/test.unity
  artifactKey: Guid(cdef6ab99c1edd245ae8515f69ed6a40) Importer(815301076,1909f56bfc062723c751e8b465ee728b)
Start importing Assets/Scenes/test.unity using Guid(cdef6ab99c1edd245ae8515f69ed6a40) Importer(815301076,1909f56bfc062723c751e8b465ee728b)  -> (artifact id: '7937cb59491b42cc416008f312307b78') in 0.011780 seconds
  Import took 0.013795 seconds .

========================================================================
Received Import Request.
  Time since last request: 0.000250 seconds.
  path: Assets/Scenes
  artifactKey: Guid(b5cc41e03b1340640b8f68af1eec5048) Importer(815301076,1909f56bfc062723c751e8b465ee728b)
Start importing Assets/Scenes using Guid(b5cc41e03b1340640b8f68af1eec5048) Importer(815301076,1909f56bfc062723c751e8b465ee728b)  -> (artifact id: '2793fdf7354165f59e7d3f1c6ac50cf2') in 0.003921 seconds
  Import took 0.006147 seconds .

========================================================================
Received Import Request.
  Time since last request: 0.000388 seconds.
  path: Assets/Scenes/SampleScene.unity
  artifactKey: Guid(46a3944070bb81c40b286e386e3a21eb) Importer(815301076,1909f56bfc062723c751e8b465ee728b)
Start importing Assets/Scenes/SampleScene.unity using Guid(46a3944070bb81c40b286e386e3a21eb) Importer(815301076,1909f56bfc062723c751e8b465ee728b)  -> (artifact id: '7ba8e3b4c65354112392276e0c1e700b') in 0.004396 seconds
  Import took 0.006635 seconds .

========================================================================
Received Import Request.
  Time since last request: 9.413296 seconds.
  path: Assets/Sprites/1.png
  artifactKey: Guid(178d7e55ccc48104185e0a1de6eab305) Importer(815301076,1909f56bfc062723c751e8b465ee728b)
Start importing Assets/Sprites/1.png using Guid(178d7e55ccc48104185e0a1de6eab305) Importer(815301076,1909f56bfc062723c751e8b465ee728b)  -> (artifact id: '065a2cea125a7323d72c29ffc4481e97') in 0.118752 seconds
  Import took 0.120989 seconds .

========================================================================
Received Import Request.
  Time since last request: 0.000264 seconds.
  path: Assets/Sprites/4.png
  artifactKey: Guid(85e0b6fd298055b41ad39a1deb512b43) Importer(815301076,1909f56bfc062723c751e8b465ee728b)
Start importing Assets/Sprites/4.png using Guid(85e0b6fd298055b41ad39a1deb512b43) Importer(815301076,1909f56bfc062723c751e8b465ee728b)  -> (artifact id: '533a62b8355aec5d446ce3fd031a081c') in 0.016733 seconds
  Import took 0.018790 seconds .

========================================================================
Received Import Request.
  Time since last request: 0.000310 seconds.
  path: Assets/Sprites/Bush.png
  artifactKey: Guid(9b449ccc95911f043b9e4318b46ed209) Importer(815301076,1909f56bfc062723c751e8b465ee728b)
Start importing Assets/Sprites/Bush.png using Guid(9b449ccc95911f043b9e4318b46ed209) Importer(815301076,1909f56bfc062723c751e8b465ee728b)  -> (artifact id: '3e1bd02d3dddd3f86bf4897e91c1ce91') in 0.011176 seconds
  Import took 0.013226 seconds .

========================================================================
Received Import Request.
  Time since last request: 0.000238 seconds.
  path: Assets/Sprites/3.png
  artifactKey: Guid(2dc6651ffbaa2da42b9792036efe771f) Importer(815301076,1909f56bfc062723c751e8b465ee728b)
Start importing Assets/Sprites/3.png using Guid(2dc6651ffbaa2da42b9792036efe771f) Importer(815301076,1909f56bfc062723c751e8b465ee728b)  -> (artifact id: '98f042418dac1b67def0c788af07be19') in 0.014499 seconds
  Import took 0.017003 seconds .

========================================================================
Received Import Request.
  Time since last request: 0.000307 seconds.
  path: Assets/Sprites/CrumbleBlock.png
  artifactKey: Guid(0927192fdffd64f42825583bc13163eb) Importer(815301076,1909f56bfc062723c751e8b465ee728b)
Start importing Assets/Sprites/CrumbleBlock.png using Guid(0927192fdffd64f42825583bc13163eb) Importer(815301076,1909f56bfc062723c751e8b465ee728b)  -> (artifact id: '99a354603b42b6693ba3fedebaaf51e8') in 0.009353 seconds
  Import took 0.011684 seconds .

========================================================================
Received Import Request.
  Time since last request: 0.000359 seconds.
  path: Assets/Sprites/spikes.png
  artifactKey: Guid(b360199d4ac45f2449ad191a6c5c478c) Importer(815301076,1909f56bfc062723c751e8b465ee728b)
Start importing Assets/Sprites/spikes.png using Guid(b360199d4ac45f2449ad191a6c5c478c) Importer(815301076,1909f56bfc062723c751e8b465ee728b)  -> (artifact id: '93cdd41b04f08fe26c08202b61b8219e') in 0.015841 seconds
  Import took 0.018158 seconds .

========================================================================
Received Import Request.
  Time since last request: 0.000231 seconds.
  path: Assets/Sprites/Crate 1.png
  artifactKey: Guid(dec5a145c2a77be46b65ae46617d9c1c) Importer(815301076,1909f56bfc062723c751e8b465ee728b)
Start importing Assets/Sprites/Crate 1.png using Guid(dec5a145c2a77be46b65ae46617d9c1c) Importer(815301076,1909f56bfc062723c751e8b465ee728b)  -> (artifact id: '3884aef1919de46e78caf47d58be3e9c') in 0.009997 seconds
  Import took 0.012109 seconds .

========================================================================
Received Import Request.
  Time since last request: 0.000282 seconds.
  path: Assets/Sprites/ground.png
  artifactKey: Guid(5d0e8ec30265cea44be51a6fab8a7c40) Importer(815301076,1909f56bfc062723c751e8b465ee728b)
Start importing Assets/Sprites/ground.png using Guid(5d0e8ec30265cea44be51a6fab8a7c40) Importer(815301076,1909f56bfc062723c751e8b465ee728b)  -> (artifact id: '924c56c04d2369e17ed596383c5b3ee1') in 0.009356 seconds
  Import took 0.011807 seconds .

========================================================================
Received Import Request.
  Time since last request: 0.000332 seconds.
  path: Assets/Sprites/Creeper.png
  artifactKey: Guid(627c98c49f48c064e9563c98572c6fe9) Importer(815301076,1909f56bfc062723c751e8b465ee728b)
Start importing Assets/Sprites/Creeper.png using Guid(627c98c49f48c064e9563c98572c6fe9) Importer(815301076,1909f56bfc062723c751e8b465ee728b)  -> (artifact id: 'a9f3d9f9a69fe93cf281dbe4222b52e6') in 0.106554 seconds
  Import took 0.110977 seconds .

========================================================================
Received Import Request.
  Time since last request: 0.000701 seconds.
  path: Assets/Sprites/Square Alt.png
  artifactKey: Guid(f68c470bc5dd314419b1b67b29416843) Importer(815301076,1909f56bfc062723c751e8b465ee728b)
Start importing Assets/Sprites/Square Alt.png using Guid(f68c470bc5dd314419b1b67b29416843) Importer(815301076,1909f56bfc062723c751e8b465ee728b)  -> (artifact id: '854f4cb409ba9f2cfefa2fb21686a5e9') in 0.022543 seconds
  Import took 0.027073 seconds .

========================================================================
Received Import Request.
  Time since last request: 0.000417 seconds.
  path: Assets/Sprites/Bad Guy 1.png
  artifactKey: Guid(707766054120b334bb41fa475f3225a0) Importer(815301076,1909f56bfc062723c751e8b465ee728b)
Start importing Assets/Sprites/Bad Guy 1.png using Guid(707766054120b334bb41fa475f3225a0) Importer(815301076,1909f56bfc062723c751e8b465ee728b)  -> (artifact id: '09bf2d78eda7412d63f6bf8135ca8827') in 0.015578 seconds
  Import took 0.019129 seconds .

========================================================================
Received Import Request.
  Time since last request: 0.000444 seconds.
  path: Assets/Sprites/tree.png
  artifactKey: Guid(5cd589a5d7aea3d40b03d867c14eb3a5) Importer(815301076,1909f56bfc062723c751e8b465ee728b)
Start importing Assets/Sprites/tree.png using Guid(5cd589a5d7aea3d40b03d867c14eb3a5) Importer(815301076,1909f56bfc062723c751e8b465ee728b)  -> (artifact id: 'f18402897d30d91ead598c8ff9ac25e2') in 0.013047 seconds
  Import took 0.015339 seconds .

========================================================================
Received Import Request.
  Time since last request: 0.000302 seconds.
  path: Assets/Sprites/Button 1.png
  artifactKey: Guid(fb4a7082435e16640a7d62761b9225e1) Importer(815301076,1909f56bfc062723c751e8b465ee728b)
Start importing Assets/Sprites/Button 1.png using Guid(fb4a7082435e16640a7d62761b9225e1) Importer(815301076,1909f56bfc062723c751e8b465ee728b)  -> (artifact id: 'c1135f8390a09468a57fe2a85d2922bf') in 0.019878 seconds
  Import took 0.022173 seconds .

========================================================================
Received Import Request.
  Time since last request: 0.000291 seconds.
  path: Assets/Sprites/2.png
  artifactKey: Guid(6c9b7f08cc0deb14583ef3a46b8a6bd7) Importer(815301076,1909f56bfc062723c751e8b465ee728b)
Start importing Assets/Sprites/2.png using Guid(6c9b7f08cc0deb14583ef3a46b8a6bd7) Importer(815301076,1909f56bfc062723c751e8b465ee728b)  -> (artifact id: '282c04990b9696715244a45442c54ff7') in 0.011157 seconds
  Import took 0.013402 seconds .

========================================================================
Received Import Request.
  Time since last request: 0.000284 seconds.
  path: Assets/Sprites/Spring 1.png
  artifactKey: Guid(97b3d36d7546940488ebd824797fbcc3) Importer(815301076,1909f56bfc062723c751e8b465ee728b)
Start importing Assets/Sprites/Spring 1.png using Guid(97b3d36d7546940488ebd824797fbcc3) Importer(815301076,1909f56bfc062723c751e8b465ee728b)  -> (artifact id: '27ac7a89ef7e4c7732b7efee5d45132e') in 0.011940 seconds
  Import took 0.014193 seconds .

========================================================================
Received Import Request.
  Time since last request: 0.000299 seconds.
  path: Assets/Sprites/clouds 1.png
  artifactKey: Guid(9eb067c3c574dde41a523f9b83e9f5fe) Importer(815301076,1909f56bfc062723c751e8b465ee728b)
Start importing Assets/Sprites/clouds 1.png using Guid(9eb067c3c574dde41a523f9b83e9f5fe) Importer(815301076,1909f56bfc062723c751e8b465ee728b)  -> (artifact id: 'c23a4b5c65d3a954ae00855d86aab88c') in 0.018465 seconds
  Import took 0.020855 seconds .

========================================================================
Received Import Request.
  Time since last request: 0.000305 seconds.
  path: Assets/Sprites/Arrow 1.png
  artifactKey: Guid(4daaf7d907058624195f3bdc898b7d3b) Importer(815301076,1909f56bfc062723c751e8b465ee728b)
Start importing Assets/Sprites/Arrow 1.png using Guid(4daaf7d907058624195f3bdc898b7d3b) Importer(815301076,1909f56bfc062723c751e8b465ee728b)  -> (artifact id: '9afafcf59da46c55e7fc029cd844c80d') in 0.017997 seconds
  Import took 0.020239 seconds .

========================================================================
Received Import Request.
  Time since last request: 0.000270 seconds.
  path: Assets/Sprites/Crate.png
  artifactKey: Guid(150fd5ae60231b043aac95d890329b58) Importer(815301076,1909f56bfc062723c751e8b465ee728b)
Start importing Assets/Sprites/Crate.png using Guid(150fd5ae60231b043aac95d890329b58) Importer(815301076,1909f56bfc062723c751e8b465ee728b)  -> (artifact id: 'e24d369397b2daf736b95ec411ae61d1') in 0.008565 seconds
  Import took 0.010798 seconds .

========================================================================
Received Import Request.
  Time since last request: 0.000288 seconds.
  path: Assets/Sprites/CrumbleBlock 1.png
  artifactKey: Guid(ace394f2d5b4c024fb6173fe8c0b96e5) Importer(815301076,1909f56bfc062723c751e8b465ee728b)
Start importing Assets/Sprites/CrumbleBlock 1.png using Guid(ace394f2d5b4c024fb6173fe8c0b96e5) Importer(815301076,1909f56bfc062723c751e8b465ee728b)  -> (artifact id: 'a83f2d72ca343f403fda8b8043bd7a30') in 0.009137 seconds
  Import took 0.011488 seconds .

========================================================================
Received Import Request.
  Time since last request: 0.000276 seconds.
  path: Assets/Sprites/Player.png
  artifactKey: Guid(81179d48452657240a529c84b0707ad5) Importer(815301076,1909f56bfc062723c751e8b465ee728b)
Start importing Assets/Sprites/Player.png using Guid(81179d48452657240a529c84b0707ad5) Importer(815301076,1909f56bfc062723c751e8b465ee728b)  -> (artifact id: '4383cf1bd66c425dfe1fc38b10b08e8b') in 0.009112 seconds
  Import took 0.011417 seconds .

========================================================================
Received Import Request.
  Time since last request: 0.000271 seconds.
  path: Assets/Sprites/Button.png
  artifactKey: Guid(f11b6594762507741b629ecbb6bce23f) Importer(815301076,1909f56bfc062723c751e8b465ee728b)
Start importing Assets/Sprites/Button.png using Guid(f11b6594762507741b629ecbb6bce23f) Importer(815301076,1909f56bfc062723c751e8b465ee728b)  -> (artifact id: 'b81fa1852cafcf4befc3b6aacc993220') in 0.011004 seconds
  Import took 0.013140 seconds .

========================================================================
Received Import Request.
  Time since last request: 0.000224 seconds.
  path: Assets/Sprites/clouds.png
  artifactKey: Guid(cdba2968f91483640946c302b6841a15) Importer(815301076,1909f56bfc062723c751e8b465ee728b)
Start importing Assets/Sprites/clouds.png using Guid(cdba2968f91483640946c302b6841a15) Importer(815301076,1909f56bfc062723c751e8b465ee728b)  -> (artifact id: 'a969d78d8d98a72eaf5da1bfd19e62e3') in 0.010561 seconds
  Import took 0.012873 seconds .

========================================================================
Received Import Request.
  Time since last request: 0.000275 seconds.
  path: Assets/Sprites/Rocketship.png
  artifactKey: Guid(425e21a417a8c0c4090c449bfdb2c93c) Importer(815301076,1909f56bfc062723c751e8b465ee728b)
Start importing Assets/Sprites/Rocketship.png using Guid(425e21a417a8c0c4090c449bfdb2c93c) Importer(815301076,1909f56bfc062723c751e8b465ee728b)  -> (artifact id: '976595a4ffec267e2a650d543ddc66cc') in 0.012148 seconds
  Import took 0.014477 seconds .

========================================================================
Received Import Request.
  Time since last request: 0.000259 seconds.
  path: Assets/Sprites/spikes 1.png
  artifactKey: Guid(9f33594a44b74dd449f031316c088c31) Importer(815301076,1909f56bfc062723c751e8b465ee728b)
Start importing Assets/Sprites/spikes 1.png using Guid(9f33594a44b74dd449f031316c088c31) Importer(815301076,1909f56bfc062723c751e8b465ee728b)  -> (artifact id: '2d309c6d860d18ff9547bafc288e98c2') in 0.009419 seconds
  Import took 0.011533 seconds .

========================================================================
Received Import Request.
  Time since last request: 0.000268 seconds.
  path: Assets/Sprites/game_background_3. 2.png
  artifactKey: Guid(7d66e078663655d4ea056582ecef0de5) Importer(815301076,1909f56bfc062723c751e8b465ee728b)
Start importing Assets/Sprites/game_background_3. 2.png using Guid(7d66e078663655d4ea056582ecef0de5) Importer(815301076,1909f56bfc062723c751e8b465ee728b)  -> (artifact id: '3793eb5dc8d1130ca5625012e725b8e5') in 0.043428 seconds
  Import took 0.045372 seconds .

========================================================================
Received Import Request.
  Time since last request: 0.000242 seconds.
  path: Assets/Sprites/Character Sprite Sheet.png
  artifactKey: Guid(11527af7041856148b7bfc91e51345b3) Importer(815301076,1909f56bfc062723c751e8b465ee728b)
Start importing Assets/Sprites/Character Sprite Sheet.png using Guid(11527af7041856148b7bfc91e51345b3) Importer(815301076,1909f56bfc062723c751e8b465ee728b)  -> (artifact id: '29b38b27bc15548e8400e02940178b6b') in 0.011113 seconds
  Import took 0.013224 seconds .

========================================================================
Received Import Request.
  Time since last request: 0.000282 seconds.
  path: Assets/Sprites/Water Sqaure 1.png
  artifactKey: Guid(653226f83b381724a9c8b3e5143024b7) Importer(815301076,1909f56bfc062723c751e8b465ee728b)
Start importing Assets/Sprites/Water Sqaure 1.png using Guid(653226f83b381724a9c8b3e5143024b7) Importer(815301076,1909f56bfc062723c751e8b465ee728b)  -> (artifact id: 'a61b9177ca915da958d8bbcfca016467') in 0.009531 seconds
  Import took 0.011877 seconds .

========================================================================
Received Import Request.
  Time since last request: 0.000213 seconds.
  path: Assets/Sprites/Spring.png
  artifactKey: Guid(ed7a1fdf59ab56340b0ebabbd0f77f5a) Importer(815301076,1909f56bfc062723c751e8b465ee728b)
Start importing Assets/Sprites/Spring.png using Guid(ed7a1fdf59ab56340b0ebabbd0f77f5a) Importer(815301076,1909f56bfc062723c751e8b465ee728b)  -> (artifact id: 'ffcdb6cfe06d4cb30b9233d44be775d3') in 0.008293 seconds
  Import took 0.010592 seconds .

========================================================================
Received Import Request.
  Time since last request: 0.000222 seconds.
  path: Assets/Sprites/Arrow.png
  artifactKey: Guid(93758782faa45864bad85637e41a0218) Importer(815301076,1909f56bfc062723c751e8b465ee728b)
Start importing Assets/Sprites/Arrow.png using Guid(93758782faa45864bad85637e41a0218) Importer(815301076,1909f56bfc062723c751e8b465ee728b)  -> (artifact id: 'b0111f7889dc716fd714d89fd7ed5f45') in 0.012503 seconds
  Import took 0.014758 seconds .

========================================================================
Received Import Request.
  Time since last request: 0.000207 seconds.
  path: Assets/Sprites/Square Alt 1.png
  artifactKey: Guid(30ea8c0e14d3887489b684d8a9f99553) Importer(815301076,1909f56bfc062723c751e8b465ee728b)
Start importing Assets/Sprites/Square Alt 1.png using Guid(30ea8c0e14d3887489b684d8a9f99553) Importer(815301076,1909f56bfc062723c751e8b465ee728b)  -> (artifact id: '02c17465874680ac0b5767d130de50e4') in 0.009177 seconds
  Import took 0.011331 seconds .

========================================================================
Received Import Request.
  Time since last request: 0.000194 seconds.
  path: Assets/Sprites/Gold Coin.png
  artifactKey: Guid(addc1fee87a91ad45aaabcd0529b50a6) Importer(815301076,1909f56bfc062723c751e8b465ee728b)
Start importing Assets/Sprites/Gold Coin.png using Guid(addc1fee87a91ad45aaabcd0529b50a6) Importer(815301076,1909f56bfc062723c751e8b465ee728b)  -> (artifact id: '24194642c1be71f8bdd9290731715faf') in 0.009094 seconds
  Import took 0.011278 seconds .

========================================================================
Received Import Request.
  Time since last request: 0.000248 seconds.
  path: Assets/Sprites/Bad Guy.png
  artifactKey: Guid(8b464a2b666a1f240ad1eb0846183689) Importer(815301076,1909f56bfc062723c751e8b465ee728b)
Start importing Assets/Sprites/Bad Guy.png using Guid(8b464a2b666a1f240ad1eb0846183689) Importer(815301076,1909f56bfc062723c751e8b465ee728b)  -> (artifact id: '874f0f3a14d6e740aa21d682ddb92f58') in 0.008143 seconds
  Import took 0.010437 seconds .

========================================================================
Received Import Request.
  Time since last request: 0.000205 seconds.
  path: Assets/Sprites/Character Sprite Sheet 1.png
  artifactKey: Guid(557adb22bf20a5b468930b95a14bcb4e) Importer(815301076,1909f56bfc062723c751e8b465ee728b)
Start importing Assets/Sprites/Character Sprite Sheet 1.png using Guid(557adb22bf20a5b468930b95a14bcb4e) Importer(815301076,1909f56bfc062723c751e8b465ee728b)  -> (artifact id: '11f1c95f04a28d2c615c59e8ccc20185') in 0.011859 seconds
  Import took 0.014073 seconds .

========================================================================
Received Import Request.
  Time since last request: 0.000278 seconds.
  path: Assets/Sprites/Water Sqaure.png
  artifactKey: Guid(807d0196e47bacc478e0a5130be50bfc) Importer(815301076,1909f56bfc062723c751e8b465ee728b)
Start importing Assets/Sprites/Water Sqaure.png using Guid(807d0196e47bacc478e0a5130be50bfc) Importer(815301076,1909f56bfc062723c751e8b465ee728b)  -> (artifact id: '9bc0db5edf664c28e76ec8425fa41ebb') in 0.008824 seconds
  Import took 0.010967 seconds .

========================================================================
Received Import Request.
  Time since last request: 0.000287 seconds.
  path: Assets/Sprites/Bush 1.png
  artifactKey: Guid(640e00b01e3398541ad505526482ce0b) Importer(815301076,1909f56bfc062723c751e8b465ee728b)
Start importing Assets/Sprites/Bush 1.png using Guid(640e00b01e3398541ad505526482ce0b) Importer(815301076,1909f56bfc062723c751e8b465ee728b)  -> (artifact id: 'e91b752f7188e1e181b8d405d79a98df') in 0.011559 seconds
  Import took 0.013876 seconds .

========================================================================
Received Import Request.
  Time since last request: 0.000243 seconds.
  path: Assets/Sprites/Gold Coin 1.png
  artifactKey: Guid(a23ab2a05741c0148a85ba46828f2db1) Importer(815301076,1909f56bfc062723c751e8b465ee728b)
Start importing Assets/Sprites/Gold Coin 1.png using Guid(a23ab2a05741c0148a85ba46828f2db1) Importer(815301076,1909f56bfc062723c751e8b465ee728b)  -> (artifact id: 'd950f50ab3b2caa52a7f5025d6b82ca2') in 0.009379 seconds
  Import took 0.011580 seconds .

========================================================================
Received Import Request.
  Time since last request: 0.000219 seconds.
  path: Assets/Sprites/Rocketship 1.png
  artifactKey: Guid(e04f8fce45e67f948a742790c65058e3) Importer(815301076,1909f56bfc062723c751e8b465ee728b)
Start importing Assets/Sprites/Rocketship 1.png using Guid(e04f8fce45e67f948a742790c65058e3) Importer(815301076,1909f56bfc062723c751e8b465ee728b)  -> (artifact id: 'f715fa1b6056eda05dd0215a9e5d359c') in 0.010344 seconds
  Import took 0.012465 seconds .

========================================================================
Received Import Request.
  Time since last request: 0.000310 seconds.
  path: Assets/Sprites/Gold Coin 1.png
  artifactKey: Guid(a23ab2a05741c0148a85ba46828f2db1) Importer(815301076,1909f56bfc062723c751e8b465ee728b)
Start importing Assets/Sprites/Gold Coin 1.png using Guid(a23ab2a05741c0148a85ba46828f2db1) Importer(815301076,1909f56bfc062723c751e8b465ee728b)  -> (artifact id: 'd950f50ab3b2caa52a7f5025d6b82ca2') in 0.009640 seconds
  Import took 0.011817 seconds .

========================================================================
Received Import Request.
  Time since last request: 0.000221 seconds.
  path: Assets/Sprites/Rocketship 1.png
  artifactKey: Guid(e04f8fce45e67f948a742790c65058e3) Importer(815301076,1909f56bfc062723c751e8b465ee728b)
Start importing Assets/Sprites/Rocketship 1.png using Guid(e04f8fce45e67f948a742790c65058e3) Importer(815301076,1909f56bfc062723c751e8b465ee728b)  -> (artifact id: 'f715fa1b6056eda05dd0215a9e5d359c') in 0.009880 seconds
  Import took 0.012070 seconds .

========================================================================
Received Import Request.
  Time since last request: 66.967374 seconds.
  path: ProjectSettings/TagManager.asset
  artifactKey: Guid(00000000000000003000000000000000) Importer(815301076,1909f56bfc062723c751e8b465ee728b)
Start importing ProjectSettings/TagManager.asset using Guid(00000000000000003000000000000000) Importer(815301076,1909f56bfc062723c751e8b465ee728b)  -> (artifact id: '3d242ae363e88c2efc77488ced794348') in 0.011797 seconds
  Import took 0.016285 seconds .

========================================================================
Received Import Request.
  Time since last request: 0.264481 seconds.
  path: ProjectSettings/TagManager.asset
  artifactKey: Guid(00000000000000003000000000000000) Importer(815301076,1909f56bfc062723c751e8b465ee728b)
Start importing ProjectSettings/TagManager.asset using Guid(00000000000000003000000000000000) Importer(815301076,1909f56bfc062723c751e8b465ee728b)  -> (artifact id: '3d242ae363e88c2efc77488ced794348') in 0.010250 seconds
  Import took 0.014657 seconds .

========================================================================
Received Prepare
Registering precompiled user dll's ...
Registered in 0.000971 seconds.
Begin MonoManager ReloadAssembly
Native extension for WindowsStandalone target not found
Refreshing native plugins compatible for Editor in 0.32 ms, found 0 plugins.
Preloading 0 native plugins for Editor in 0.00 ms.
Invoked RoslynAnalysisRunner static constructor.
RoslynAnalysisRunner will not be running.
RoslynAnalysisRunner has terminated.
Mono: successfully reloaded assembly
- Completed reload, in  0.829 seconds
Platform modules already initialized, skipping
Script error: OnTriggerEnter2D
This message parameter has to be of type: Collider2D
The message will be ignored.

Refreshing native plugins compatible for Editor in 0.22 ms, found 0 plugins.
Preloading 0 native plugins for Editor in 0.00 ms.
Unloading 1109 Unused Serialized files (Serialized files now loaded: 0)
System memory in use before: 60.0 MB.
System memory in use after: 60.1 MB.

Unloading 6 unused Assets to reduce memory usage. Loaded Objects now: 1583.
Total: 1.572928 ms (FindLiveObjects: 0.140831 ms CreateObjectMapping: 0.037756 ms MarkObjects: 1.381503 ms  DeleteObjects: 0.012460 ms)

========================================================================
Received Prepare
Registering precompiled user dll's ...
Registered in 0.000953 seconds.
Begin MonoManager ReloadAssembly
Native extension for WindowsStandalone target not found
Refreshing native plugins compatible for Editor in 0.25 ms, found 0 plugins.
Preloading 0 native plugins for Editor in 0.00 ms.
Invoked RoslynAnalysisRunner static constructor.
RoslynAnalysisRunner will not be running.
RoslynAnalysisRunner has terminated.
Mono: successfully reloaded assembly
- Completed reload, in  0.826 seconds
Platform modules already initialized, skipping
Script error: OnTriggerEnter2D
This message parameter has to be of type: Collider2D
The message will be ignored.

Refreshing native plugins compatible for Editor in 0.23 ms, found 0 plugins.
Preloading 0 native plugins for Editor in 0.00 ms.
Unloading 1109 Unused Serialized files (Serialized files now loaded: 0)
System memory in use before: 60.0 MB.
System memory in use after: 60.1 MB.

Unloading 4 unused Assets to reduce memory usage. Loaded Objects now: 1586.
Total: 2.201948 ms (FindLiveObjects: 0.137055 ms CreateObjectMapping: 0.036624 ms MarkObjects: 2.014677 ms  DeleteObjects: 0.012082 ms)

========================================================================
Received Prepare
Registering precompiled user dll's ...
Registered in 0.001033 seconds.
Begin MonoManager ReloadAssembly
Native extension for WindowsStandalone target not found
Refreshing native plugins compatible for Editor in 0.21 ms, found 0 plugins.
Preloading 0 native plugins for Editor in 0.00 ms.
Invoked RoslynAnalysisRunner static constructor.
RoslynAnalysisRunner will not be running.
RoslynAnalysisRunner has terminated.
Mono: successfully reloaded assembly
- Completed reload, in  0.807 seconds
Platform modules already initialized, skipping
Script error: OnTriggerEnter2D
This message parameter has to be of type: Collider2D
The message will be ignored.

Refreshing native plugins compatible for Editor in 0.23 ms, found 0 plugins.
Preloading 0 native plugins for Editor in 0.00 ms.
Unloading 1109 Unused Serialized files (Serialized files now loaded: 0)
System memory in use before: 60.1 MB.
System memory in use after: 60.2 MB.

Unloading 4 unused Assets to reduce memory usage. Loaded Objects now: 1589.
Total: 1.629185 ms (FindLiveObjects: 0.131014 ms CreateObjectMapping: 0.037379 ms MarkObjects: 1.449087 ms  DeleteObjects: 0.010572 ms)

========================================================================
Received Prepare
Registering precompiled user dll's ...
Registered in 0.001016 seconds.
Begin MonoManager ReloadAssembly
Native extension for WindowsStandalone target not found
Refreshing native plugins compatible for Editor in 0.21 ms, found 0 plugins.
Preloading 0 native plugins for Editor in 0.00 ms.
Invoked RoslynAnalysisRunner static constructor.
RoslynAnalysisRunner will not be running.
RoslynAnalysisRunner has terminated.
Mono: successfully reloaded assembly
- Completed reload, in  0.830 seconds
Platform modules already initialized, skipping
Refreshing native plugins compatible for Editor in 0.24 ms, found 0 plugins.
Preloading 0 native plugins for Editor in 0.00 ms.
Unloading 1109 Unused Serialized files (Serialized files now loaded: 0)
System memory in use before: 60.1 MB.
System memory in use after: 60.2 MB.

Unloading 4 unused Assets to reduce memory usage. Loaded Objects now: 1592.
Total: 1.733015 ms (FindLiveObjects: 0.154423 ms CreateObjectMapping: 0.047573 ms MarkObjects: 1.502324 ms  DeleteObjects: 0.027562 ms)

========================================================================
Received Prepare
Registering precompiled user dll's ...
Registered in 0.001039 seconds.
Begin MonoManager ReloadAssembly
Native extension for WindowsStandalone target not found
Refreshing native plugins compatible for Editor in 0.21 ms, found 0 plugins.
Preloading 0 native plugins for Editor in 0.00 ms.
Invoked RoslynAnalysisRunner static constructor.
RoslynAnalysisRunner will not be running.
RoslynAnalysisRunner has terminated.
Mono: successfully reloaded assembly
- Completed reload, in  0.802 seconds
Platform modules already initialized, skipping
Refreshing native plugins compatible for Editor in 0.23 ms, found 0 plugins.
Preloading 0 native plugins for Editor in 0.00 ms.
Unloading 1109 Unused Serialized files (Serialized files now loaded: 0)
System memory in use before: 60.1 MB.
System memory in use after: 60.2 MB.

Unloading 4 unused Assets to reduce memory usage. Loaded Objects now: 1595.
Total: 1.779077 ms (FindLiveObjects: 0.117045 ms CreateObjectMapping: 0.032848 ms MarkObjects: 1.617480 ms  DeleteObjects: 0.011327 ms)

========================================================================
Received Prepare
Registering precompiled user dll's ...
Registered in 0.000987 seconds.
Begin MonoManager ReloadAssembly
Native extension for WindowsStandalone target not found
Refreshing native plugins compatible for Editor in 0.24 ms, found 0 plugins.
Preloading 0 native plugins for Editor in 0.00 ms.
Invoked RoslynAnalysisRunner static constructor.
RoslynAnalysisRunner will not be running.
RoslynAnalysisRunner has terminated.
Mono: successfully reloaded assembly
- Completed reload, in  0.874 seconds
Platform modules already initialized, skipping
Refreshing native plugins compatible for Editor in 0.22 ms, found 0 plugins.
Preloading 0 native plugins for Editor in 0.00 ms.
Unloading 1109 Unused Serialized files (Serialized files now loaded: 0)
System memory in use before: 60.1 MB.
System memory in use after: 60.2 MB.

Unloading 4 unused Assets to reduce memory usage. Loaded Objects now: 1598.
Total: 2.373362 ms (FindLiveObjects: 0.140453 ms CreateObjectMapping: 0.040777 ms MarkObjects: 2.161549 ms  DeleteObjects: 0.029450 ms)

========================================================================
Received Prepare
Registering precompiled user dll's ...
Registered in 0.000953 seconds.
Begin MonoManager ReloadAssembly
Native extension for WindowsStandalone target not found
Refreshing native plugins compatible for Editor in 0.22 ms, found 0 plugins.
Preloading 0 native plugins for Editor in 0.00 ms.
Invoked RoslynAnalysisRunner static constructor.
RoslynAnalysisRunner will not be running.
RoslynAnalysisRunner has terminated.
Mono: successfully reloaded assembly
- Completed reload, in  0.825 seconds
Platform modules already initialized, skipping
Refreshing native plugins compatible for Editor in 0.27 ms, found 0 plugins.
Preloading 0 native plugins for Editor in 0.00 ms.
Unloading 1109 Unused Serialized files (Serialized files now loaded: 0)
System memory in use before: 60.1 MB.
System memory in use after: 60.2 MB.

Unloading 4 unused Assets to reduce memory usage. Loaded Objects now: 1601.
Total: 1.779832 ms (FindLiveObjects: 0.127994 ms CreateObjectMapping: 0.036624 ms MarkObjects: 1.602378 ms  DeleteObjects: 0.011704 ms)

AssetImportWorkerClient::OnTransportError - code=2 error=End of file
